ARM GAS  C:\DOCUME~1\ADMINI~1\LOCALS~1\Temp\ccAI767a.s 			page 1


   1              		.cpu arm7tdmi
   2              		.fpu softvfp
   3              		.eabi_attribute 20, 1
   4              		.eabi_attribute 21, 1
   5              		.eabi_attribute 23, 3
   6              		.eabi_attribute 24, 1
   7              		.eabi_attribute 25, 1
   8              		.eabi_attribute 26, 2
   9              		.eabi_attribute 30, 2
  10              		.eabi_attribute 18, 4
  11              		.file	"mds_userboot.c"
  12              		.section	.debug_abbrev,"",%progbits
  13              	.Ldebug_abbrev0:
  14              		.section	.debug_info,"",%progbits
  15              	.Ldebug_info0:
  16              		.section	.debug_line,"",%progbits
  17              	.Ldebug_line0:
  18 0000 7A000000 		.text
  18      02005700 
  18      00000201 
  18      FB0E0D00 
  18      01010101 
  19              	.Ltext0:
  20              		.cfi_sections	.debug_frame
  21              		.align	2
  22              		.global	MDS_RootTask
  23              		.type	MDS_RootTask, %function
  24              	MDS_RootTask:
  25              		.fnstart
  26              	.LFB0:
  27              		.file 1 "../srccode/mds_userboot.c"
   1:../srccode/mds_userboot.c **** 
   2:../srccode/mds_userboot.c **** #include "mds_userboot.h"
   3:../srccode/mds_userboot.c **** 
   4:../srccode/mds_userboot.c **** 
   5:../srccode/mds_userboot.c **** U8 gaucRootTaskStack[ROOTTASKSTACK];    /* 根任务的堆栈 */
   6:../srccode/mds_userboot.c **** U8 gaucIdleTaskStack[IDLETASKSTACK];    /* 空闲任务的堆栈 */
   7:../srccode/mds_userboot.c **** 
   8:../srccode/mds_userboot.c **** 
   9:../srccode/mds_userboot.c **** /***********************************************************************************
  10:../srccode/mds_userboot.c **** 函数功能: 根任务, 用户代码从这个函数开始执行, 优先级最高.
  11:../srccode/mds_userboot.c **** 入口参数: none.
  12:../srccode/mds_userboot.c **** 返 回 值: none.
  13:../srccode/mds_userboot.c **** ***********************************************************************************/
  14:../srccode/mds_userboot.c **** void MDS_RootTask(void)
  15:../srccode/mds_userboot.c **** {
  28              		.loc 1 15 0
  29              		.cfi_startproc
  30              		@ Function supports interworking.
  31              		@ args = 0, pretend = 0, frame = 0
  32              		@ frame_needed = 1, uses_anonymous_args = 0
  33              		.movsp ip
  34 0000 0DC0A0E1 		mov	ip, sp
  35              	.LCFI0:
  36              		.cfi_def_cfa_register 12
  37 0004 10D82DE9 		stmfd	sp!, {r4, fp, ip, lr, pc}
  38              		.pad #4
ARM GAS  C:\DOCUME~1\ADMINI~1\LOCALS~1\Temp\ccAI767a.s 			page 2


  39              		.save {r4, fp, ip, lr}
  40              		.setfp fp, ip, #-4
  41 0008 04B04CE2 		sub	fp, ip, #4
  42              		.cfi_offset 14, -8
  43              		.cfi_offset 13, -12
  44              		.cfi_offset 11, -16
  45              		.cfi_offset 4, -20
  46              	.LCFI1:
  47              		.cfi_def_cfa 11, 4
  48              		.pad #12
  49 000c 0CD04DE2 		sub	sp, sp, #12
  16:../srccode/mds_userboot.c ****     /* 初始化软件 */
  17:../srccode/mds_userboot.c ****     DEV_SoftwareInit();
  50              		.loc 1 17 0
  51 0010 FEFFFFEB 		bl	DEV_SoftwareInit
  18:../srccode/mds_userboot.c **** 
  19:../srccode/mds_userboot.c ****     /* 初始化硬件 */
  20:../srccode/mds_userboot.c ****     DEV_HardwareInit();
  21:../srccode/mds_userboot.c **** 
  22:../srccode/mds_userboot.c ****     /* 创建任务1 */
  23:../srccode/mds_userboot.c ****     (void)MDS_TaskCreate((U8*)"Test1", (VFUNC)TEST_TestTask1, gaucTask1Stack,
  52              		.loc 1 23 0
  53 0014 0040A0E3 		mov	r4, #0
  20:../srccode/mds_userboot.c ****     DEV_HardwareInit();
  54              		.loc 1 20 0
  55 0018 FEFFFFEB 		bl	DEV_HardwareInit
  56              		.loc 1 23 0
  57 001c 02C0A0E3 		mov	ip, #2
  58 0020 60109FE5 		ldr	r1, .L2
  59 0024 60209FE5 		ldr	r2, .L2+4
  60 0028 963FA0E3 		mov	r3, #600
  61 002c 5C009FE5 		ldr	r0, .L2+8
  62 0030 00C08DE5 		str	ip, [sp, #0]
  63 0034 04408DE5 		str	r4, [sp, #4]
  64 0038 FEFFFFEB 		bl	MDS_TaskCreate
  24:../srccode/mds_userboot.c ****                          TASKSTACK, 2, (M_TASKOPT*)NULL);
  25:../srccode/mds_userboot.c **** 
  26:../srccode/mds_userboot.c ****     /* 创建任务2 */
  27:../srccode/mds_userboot.c ****     (void)MDS_TaskCreate((U8*)"Test2", (VFUNC)TEST_TestTask2, gaucTask2Stack,
  65              		.loc 1 27 0
  66 003c 01C0A0E3 		mov	ip, #1
  67 0040 4C109FE5 		ldr	r1, .L2+12
  68 0044 4C209FE5 		ldr	r2, .L2+16
  69 0048 963FA0E3 		mov	r3, #600
  70 004c 48009FE5 		ldr	r0, .L2+20
  71 0050 00C08DE5 		str	ip, [sp, #0]
  72 0054 04408DE5 		str	r4, [sp, #4]
  73 0058 FEFFFFEB 		bl	MDS_TaskCreate
  28:../srccode/mds_userboot.c ****                          TASKSTACK, 1, (M_TASKOPT*)NULL);
  29:../srccode/mds_userboot.c **** 
  30:../srccode/mds_userboot.c ****     /* 创建任务3 */
  31:../srccode/mds_userboot.c ****     (void)MDS_TaskCreate((U8*)"Test3", (VFUNC)TEST_TestTask3, gaucTask3Stack,
  74              		.loc 1 31 0
  75 005c 03C0A0E3 		mov	ip, #3
  76 0060 38109FE5 		ldr	r1, .L2+24
  77 0064 38209FE5 		ldr	r2, .L2+28
  78 0068 963FA0E3 		mov	r3, #600
ARM GAS  C:\DOCUME~1\ADMINI~1\LOCALS~1\Temp\ccAI767a.s 			page 3


  79 006c 34009FE5 		ldr	r0, .L2+32
  80 0070 00C08DE5 		str	ip, [sp, #0]
  81 0074 04408DE5 		str	r4, [sp, #4]
  82 0078 FEFFFFEB 		bl	MDS_TaskCreate
  32:../srccode/mds_userboot.c ****                          TASKSTACK, 3, (M_TASKOPT*)NULL);
  33:../srccode/mds_userboot.c **** }
  83              		.loc 1 33 0
  84 007c 10D04BE2 		sub	sp, fp, #16
  85 0080 10689DE8 		ldmfd	sp, {r4, fp, sp, lr}
  86 0084 1EFF2FE1 		bx	lr
  87              	.L3:
  88              		.align	2
  89              	.L2:
  90 0088 00000000 		.word	TEST_TestTask1
  91 008c 00000000 		.word	gaucTask1Stack
  92 0090 00000000 		.word	.LC0
  93 0094 00000000 		.word	TEST_TestTask2
  94 0098 00000000 		.word	gaucTask2Stack
  95 009c 08000000 		.word	.LC1
  96 00a0 00000000 		.word	TEST_TestTask3
  97 00a4 00000000 		.word	gaucTask3Stack
  98 00a8 10000000 		.word	.LC2
  99              		.cfi_endproc
 100              	.LFE0:
 101              		.fnend
 102              		.size	MDS_RootTask, .-MDS_RootTask
 103              		.align	2
 104              		.global	MDS_IdleTask
 105              		.type	MDS_IdleTask, %function
 106              	MDS_IdleTask:
 107              		.fnstart
 108              	.LFB1:
  34:../srccode/mds_userboot.c **** 
  35:../srccode/mds_userboot.c **** /***********************************************************************************
  36:../srccode/mds_userboot.c **** 函数功能: 空闲任务, CPU空闲时执行这个任务, 优先级最低.
  37:../srccode/mds_userboot.c **** 入口参数: none.
  38:../srccode/mds_userboot.c **** 返 回 值: none.
  39:../srccode/mds_userboot.c **** ***********************************************************************************/
  40:../srccode/mds_userboot.c **** void MDS_IdleTask(void)
  41:../srccode/mds_userboot.c **** {
 109              		.loc 1 41 0
 110              		.cfi_startproc
 111              		@ Function supports interworking.
 112              		@ args = 0, pretend = 0, frame = 0
 113              		@ frame_needed = 1, uses_anonymous_args = 0
 114              		.movsp ip
 115 00ac 0DC0A0E1 		mov	ip, sp
 116              	.LCFI2:
 117              		.cfi_def_cfa_register 12
 118 00b0 00D82DE9 		stmfd	sp!, {fp, ip, lr, pc}
 119              		.pad #4
 120              		.save {fp, ip, lr}
 121              		.setfp fp, ip, #-4
 122 00b4 04B04CE2 		sub	fp, ip, #4
 123              		.cfi_offset 14, -8
 124              		.cfi_offset 13, -12
 125              		.cfi_offset 11, -16
ARM GAS  C:\DOCUME~1\ADMINI~1\LOCALS~1\Temp\ccAI767a.s 			page 4


 126              	.LCFI3:
 127              		.cfi_def_cfa 11, 4
 128              	.L5:
  42:../srccode/mds_userboot.c ****     while(1)
  43:../srccode/mds_userboot.c ****     {
  44:../srccode/mds_userboot.c ****         DEV_PrintMsg();
 129              		.loc 1 44 0 discriminator 1
 130 00b8 FEFFFFEB 		bl	DEV_PrintMsg
 131 00bc FEFFFFEB 		bl	DEV_PrintMsg
 132 00c0 FCFFFFEA 		b	.L5
 133              		.cfi_endproc
 134              	.LFE1:
 135              		.fnend
 136              		.size	MDS_IdleTask, .-MDS_IdleTask
 137              		.comm	gaucRootTaskStack,600,4
 138              		.comm	gaucIdleTaskStack,600,4
 139              		.section	.rodata.str1.4,"aMS",%progbits,1
 140              		.align	2
 141              	.LC0:
 142 0000 54657374 		.ascii	"Test1\000"
 142      3100
 143 0006 0000     		.space	2
 144              	.LC1:
 145 0008 54657374 		.ascii	"Test2\000"
 145      3200
 146 000e 0000     		.space	2
 147              	.LC2:
 148 0010 54657374 		.ascii	"Test3\000"
 148      3300
 149 0016 0000     		.text
 150              	.Letext0:
 151              		.section	.debug_loc,"",%progbits
 152              	.Ldebug_loc0:
 153              	.LLST0:
 154 0000 00000000 		.4byte	.LFB0-.Ltext0
 155 0004 04000000 		.4byte	.LCFI0-.Ltext0
 156 0008 0200     		.2byte	0x2
 157 000a 7D       		.byte	0x7d
 158 000b 00       		.sleb128 0
 159 000c 04000000 		.4byte	.LCFI0-.Ltext0
 160 0010 0C000000 		.4byte	.LCFI1-.Ltext0
 161 0014 0200     		.2byte	0x2
 162 0016 7C       		.byte	0x7c
 163 0017 00       		.sleb128 0
 164 0018 0C000000 		.4byte	.LCFI1-.Ltext0
 165 001c AC000000 		.4byte	.LFE0-.Ltext0
 166 0020 0200     		.2byte	0x2
 167 0022 7B       		.byte	0x7b
 168 0023 04       		.sleb128 4
 169 0024 00000000 		.4byte	0x0
 170 0028 00000000 		.4byte	0x0
 171              	.LLST1:
 172 002c AC000000 		.4byte	.LFB1-.Ltext0
 173 0030 B0000000 		.4byte	.LCFI2-.Ltext0
 174 0034 0200     		.2byte	0x2
 175 0036 7D       		.byte	0x7d
 176 0037 00       		.sleb128 0
ARM GAS  C:\DOCUME~1\ADMINI~1\LOCALS~1\Temp\ccAI767a.s 			page 5


 177 0038 B0000000 		.4byte	.LCFI2-.Ltext0
 178 003c B8000000 		.4byte	.LCFI3-.Ltext0
 179 0040 0200     		.2byte	0x2
 180 0042 7C       		.byte	0x7c
 181 0043 00       		.sleb128 0
 182 0044 B8000000 		.4byte	.LCFI3-.Ltext0
 183 0048 C4000000 		.4byte	.LFE1-.Ltext0
 184 004c 0200     		.2byte	0x2
 185 004e 7B       		.byte	0x7b
 186 004f 04       		.sleb128 4
 187 0050 00000000 		.4byte	0x0
 188 0054 00000000 		.4byte	0x0
 189              		.file 2 "../mindows/mds_mdsdef.h"
 190              		.file 3 "../srccode/global.h"
 191              		.section	.debug_info
 192 0000 5C010000 		.4byte	0x15c
 193 0004 0200     		.2byte	0x2
 194 0006 00000000 		.4byte	.Ldebug_abbrev0
 195 000a 04       		.byte	0x4
 196 000b 01       		.uleb128 0x1
 197 000c 0A000000 		.4byte	.LASF17
 198 0010 01       		.byte	0x1
 199 0011 A0000000 		.4byte	.LASF18
 200 0015 42000000 		.4byte	.LASF19
 201 0019 00000000 		.4byte	.Ltext0
 202 001d C4000000 		.4byte	.Letext0
 203 0021 00000000 		.4byte	.Ldebug_line0
 204 0025 02       		.uleb128 0x2
 205 0026 04       		.byte	0x4
 206 0027 07       		.byte	0x7
 207 0028 6C000000 		.4byte	.LASF0
 208 002c 02       		.uleb128 0x2
 209 002d 04       		.byte	0x4
 210 002e 07       		.byte	0x7
 211 002f 14010000 		.4byte	.LASF1
 212 0033 03       		.uleb128 0x3
 213 0034 04       		.byte	0x4
 214 0035 39000000 		.4byte	0x39
 215 0039 04       		.uleb128 0x4
 216 003a 01       		.byte	0x1
 217 003b 05       		.uleb128 0x5
 218 003c 553800   		.ascii	"U8\000"
 219 003f 02       		.byte	0x2
 220 0040 07       		.byte	0x7
 221 0041 45000000 		.4byte	0x45
 222 0045 02       		.uleb128 0x2
 223 0046 01       		.byte	0x1
 224 0047 08       		.byte	0x8
 225 0048 28000000 		.4byte	.LASF2
 226 004c 02       		.uleb128 0x2
 227 004d 02       		.byte	0x2
 228 004e 07       		.byte	0x7
 229 004f E8000000 		.4byte	.LASF3
 230 0053 05       		.uleb128 0x5
 231 0054 55333200 		.ascii	"U32\000"
 232 0058 02       		.byte	0x2
 233 0059 09       		.byte	0x9
ARM GAS  C:\DOCUME~1\ADMINI~1\LOCALS~1\Temp\ccAI767a.s 			page 6


 234 005a 2C000000 		.4byte	0x2c
 235 005e 02       		.uleb128 0x2
 236 005f 01       		.byte	0x1
 237 0060 08       		.byte	0x8
 238 0061 C7000000 		.4byte	.LASF4
 239 0065 02       		.uleb128 0x2
 240 0066 02       		.byte	0x2
 241 0067 05       		.byte	0x5
 242 0068 0A010000 		.4byte	.LASF5
 243 006c 06       		.uleb128 0x6
 244 006d 04       		.byte	0x4
 245 006e 05       		.byte	0x5
 246 006f 696E7400 		.ascii	"int\000"
 247 0073 07       		.uleb128 0x7
 248 0074 8B000000 		.4byte	.LASF6
 249 0078 02       		.byte	0x2
 250 0079 0D       		.byte	0xd
 251 007a 33000000 		.4byte	0x33
 252 007e 08       		.uleb128 0x8
 253 007f DE000000 		.4byte	.LASF20
 254 0083 08       		.byte	0x8
 255 0084 02       		.byte	0x2
 256 0085 67       		.byte	0x67
 257 0086 A7000000 		.4byte	0xa7
 258 008a 09       		.uleb128 0x9
 259 008b 62000000 		.4byte	.LASF7
 260 008f 02       		.byte	0x2
 261 0090 69       		.byte	0x69
 262 0091 3B000000 		.4byte	0x3b
 263 0095 02       		.byte	0x2
 264 0096 23       		.byte	0x23
 265 0097 00       		.uleb128 0x0
 266 0098 09       		.uleb128 0x9
 267 0099 36000000 		.4byte	.LASF8
 268 009d 02       		.byte	0x2
 269 009e 6A       		.byte	0x6a
 270 009f 53000000 		.4byte	0x53
 271 00a3 02       		.byte	0x2
 272 00a4 23       		.byte	0x23
 273 00a5 04       		.uleb128 0x4
 274 00a6 00       		.byte	0x0
 275 00a7 07       		.uleb128 0x7
 276 00a8 00000000 		.4byte	.LASF9
 277 00ac 02       		.byte	0x2
 278 00ad 6B       		.byte	0x6b
 279 00ae 7E000000 		.4byte	0x7e
 280 00b2 0A       		.uleb128 0xa
 281 00b3 01       		.byte	0x1
 282 00b4 BA000000 		.4byte	.LASF10
 283 00b8 01       		.byte	0x1
 284 00b9 0E       		.byte	0xe
 285 00ba 01       		.byte	0x1
 286 00bb 00000000 		.4byte	.LFB0
 287 00bf AC000000 		.4byte	.LFE0
 288 00c3 00000000 		.4byte	.LLST0
 289 00c7 0A       		.uleb128 0xa
 290 00c8 01       		.byte	0x1
ARM GAS  C:\DOCUME~1\ADMINI~1\LOCALS~1\Temp\ccAI767a.s 			page 7


 291 00c9 7E000000 		.4byte	.LASF11
 292 00cd 01       		.byte	0x1
 293 00ce 28       		.byte	0x28
 294 00cf 01       		.byte	0x1
 295 00d0 AC000000 		.4byte	.LFB1
 296 00d4 C4000000 		.4byte	.LFE1
 297 00d8 2C000000 		.4byte	.LLST1
 298 00dc 0B       		.uleb128 0xb
 299 00dd 3B000000 		.4byte	0x3b
 300 00e1 ED000000 		.4byte	0xed
 301 00e5 0C       		.uleb128 0xc
 302 00e6 2C000000 		.4byte	0x2c
 303 00ea 5702     		.2byte	0x257
 304 00ec 00       		.byte	0x0
 305 00ed 0D       		.uleb128 0xd
 306 00ee 91000000 		.4byte	.LASF12
 307 00f2 03       		.byte	0x3
 308 00f3 28       		.byte	0x28
 309 00f4 DC000000 		.4byte	0xdc
 310 00f8 01       		.byte	0x1
 311 00f9 01       		.byte	0x1
 312 00fa 0D       		.uleb128 0xd
 313 00fb FB000000 		.4byte	.LASF13
 314 00ff 03       		.byte	0x3
 315 0100 29       		.byte	0x29
 316 0101 DC000000 		.4byte	0xdc
 317 0105 01       		.byte	0x1
 318 0106 01       		.byte	0x1
 319 0107 0D       		.uleb128 0xd
 320 0108 21010000 		.4byte	.LASF14
 321 010c 03       		.byte	0x3
 322 010d 2A       		.byte	0x2a
 323 010e DC000000 		.4byte	0xdc
 324 0112 01       		.byte	0x1
 325 0113 01       		.byte	0x1
 326 0114 0D       		.uleb128 0xd
 327 0115 91000000 		.4byte	.LASF12
 328 0119 03       		.byte	0x3
 329 011a 28       		.byte	0x28
 330 011b DC000000 		.4byte	0xdc
 331 011f 01       		.byte	0x1
 332 0120 01       		.byte	0x1
 333 0121 0D       		.uleb128 0xd
 334 0122 FB000000 		.4byte	.LASF13
 335 0126 03       		.byte	0x3
 336 0127 29       		.byte	0x29
 337 0128 DC000000 		.4byte	0xdc
 338 012c 01       		.byte	0x1
 339 012d 01       		.byte	0x1
 340 012e 0D       		.uleb128 0xd
 341 012f 21010000 		.4byte	.LASF14
 342 0133 03       		.byte	0x3
 343 0134 2A       		.byte	0x2a
 344 0135 DC000000 		.4byte	0xdc
 345 0139 01       		.byte	0x1
 346 013a 01       		.byte	0x1
 347 013b 0E       		.uleb128 0xe
ARM GAS  C:\DOCUME~1\ADMINI~1\LOCALS~1\Temp\ccAI767a.s 			page 8


 348 013c CC000000 		.4byte	.LASF15
 349 0140 01       		.byte	0x1
 350 0141 05       		.byte	0x5
 351 0142 DC000000 		.4byte	0xdc
 352 0146 01       		.byte	0x1
 353 0147 05       		.byte	0x5
 354 0148 03       		.byte	0x3
 355 0149 00000000 		.4byte	gaucRootTaskStack
 356 014d 0E       		.uleb128 0xe
 357 014e 16000000 		.4byte	.LASF16
 358 0152 01       		.byte	0x1
 359 0153 06       		.byte	0x6
 360 0154 DC000000 		.4byte	0xdc
 361 0158 01       		.byte	0x1
 362 0159 05       		.byte	0x5
 363 015a 03       		.byte	0x3
 364 015b 00000000 		.4byte	gaucIdleTaskStack
 365 015f 00       		.byte	0x0
 366              		.section	.debug_abbrev
 367 0000 01       		.uleb128 0x1
 368 0001 11       		.uleb128 0x11
 369 0002 01       		.byte	0x1
 370 0003 25       		.uleb128 0x25
 371 0004 0E       		.uleb128 0xe
 372 0005 13       		.uleb128 0x13
 373 0006 0B       		.uleb128 0xb
 374 0007 03       		.uleb128 0x3
 375 0008 0E       		.uleb128 0xe
 376 0009 1B       		.uleb128 0x1b
 377 000a 0E       		.uleb128 0xe
 378 000b 11       		.uleb128 0x11
 379 000c 01       		.uleb128 0x1
 380 000d 12       		.uleb128 0x12
 381 000e 01       		.uleb128 0x1
 382 000f 10       		.uleb128 0x10
 383 0010 06       		.uleb128 0x6
 384 0011 00       		.byte	0x0
 385 0012 00       		.byte	0x0
 386 0013 02       		.uleb128 0x2
 387 0014 24       		.uleb128 0x24
 388 0015 00       		.byte	0x0
 389 0016 0B       		.uleb128 0xb
 390 0017 0B       		.uleb128 0xb
 391 0018 3E       		.uleb128 0x3e
 392 0019 0B       		.uleb128 0xb
 393 001a 03       		.uleb128 0x3
 394 001b 0E       		.uleb128 0xe
 395 001c 00       		.byte	0x0
 396 001d 00       		.byte	0x0
 397 001e 03       		.uleb128 0x3
 398 001f 0F       		.uleb128 0xf
 399 0020 00       		.byte	0x0
 400 0021 0B       		.uleb128 0xb
 401 0022 0B       		.uleb128 0xb
 402 0023 49       		.uleb128 0x49
 403 0024 13       		.uleb128 0x13
 404 0025 00       		.byte	0x0
ARM GAS  C:\DOCUME~1\ADMINI~1\LOCALS~1\Temp\ccAI767a.s 			page 9


 405 0026 00       		.byte	0x0
 406 0027 04       		.uleb128 0x4
 407 0028 15       		.uleb128 0x15
 408 0029 00       		.byte	0x0
 409 002a 27       		.uleb128 0x27
 410 002b 0C       		.uleb128 0xc
 411 002c 00       		.byte	0x0
 412 002d 00       		.byte	0x0
 413 002e 05       		.uleb128 0x5
 414 002f 16       		.uleb128 0x16
 415 0030 00       		.byte	0x0
 416 0031 03       		.uleb128 0x3
 417 0032 08       		.uleb128 0x8
 418 0033 3A       		.uleb128 0x3a
 419 0034 0B       		.uleb128 0xb
 420 0035 3B       		.uleb128 0x3b
 421 0036 0B       		.uleb128 0xb
 422 0037 49       		.uleb128 0x49
 423 0038 13       		.uleb128 0x13
 424 0039 00       		.byte	0x0
 425 003a 00       		.byte	0x0
 426 003b 06       		.uleb128 0x6
 427 003c 24       		.uleb128 0x24
 428 003d 00       		.byte	0x0
 429 003e 0B       		.uleb128 0xb
 430 003f 0B       		.uleb128 0xb
 431 0040 3E       		.uleb128 0x3e
 432 0041 0B       		.uleb128 0xb
 433 0042 03       		.uleb128 0x3
 434 0043 08       		.uleb128 0x8
 435 0044 00       		.byte	0x0
 436 0045 00       		.byte	0x0
 437 0046 07       		.uleb128 0x7
 438 0047 16       		.uleb128 0x16
 439 0048 00       		.byte	0x0
 440 0049 03       		.uleb128 0x3
 441 004a 0E       		.uleb128 0xe
 442 004b 3A       		.uleb128 0x3a
 443 004c 0B       		.uleb128 0xb
 444 004d 3B       		.uleb128 0x3b
 445 004e 0B       		.uleb128 0xb
 446 004f 49       		.uleb128 0x49
 447 0050 13       		.uleb128 0x13
 448 0051 00       		.byte	0x0
 449 0052 00       		.byte	0x0
 450 0053 08       		.uleb128 0x8
 451 0054 13       		.uleb128 0x13
 452 0055 01       		.byte	0x1
 453 0056 03       		.uleb128 0x3
 454 0057 0E       		.uleb128 0xe
 455 0058 0B       		.uleb128 0xb
 456 0059 0B       		.uleb128 0xb
 457 005a 3A       		.uleb128 0x3a
 458 005b 0B       		.uleb128 0xb
 459 005c 3B       		.uleb128 0x3b
 460 005d 0B       		.uleb128 0xb
 461 005e 01       		.uleb128 0x1
ARM GAS  C:\DOCUME~1\ADMINI~1\LOCALS~1\Temp\ccAI767a.s 			page 10


 462 005f 13       		.uleb128 0x13
 463 0060 00       		.byte	0x0
 464 0061 00       		.byte	0x0
 465 0062 09       		.uleb128 0x9
 466 0063 0D       		.uleb128 0xd
 467 0064 00       		.byte	0x0
 468 0065 03       		.uleb128 0x3
 469 0066 0E       		.uleb128 0xe
 470 0067 3A       		.uleb128 0x3a
 471 0068 0B       		.uleb128 0xb
 472 0069 3B       		.uleb128 0x3b
 473 006a 0B       		.uleb128 0xb
 474 006b 49       		.uleb128 0x49
 475 006c 13       		.uleb128 0x13
 476 006d 38       		.uleb128 0x38
 477 006e 0A       		.uleb128 0xa
 478 006f 00       		.byte	0x0
 479 0070 00       		.byte	0x0
 480 0071 0A       		.uleb128 0xa
 481 0072 2E       		.uleb128 0x2e
 482 0073 00       		.byte	0x0
 483 0074 3F       		.uleb128 0x3f
 484 0075 0C       		.uleb128 0xc
 485 0076 03       		.uleb128 0x3
 486 0077 0E       		.uleb128 0xe
 487 0078 3A       		.uleb128 0x3a
 488 0079 0B       		.uleb128 0xb
 489 007a 3B       		.uleb128 0x3b
 490 007b 0B       		.uleb128 0xb
 491 007c 27       		.uleb128 0x27
 492 007d 0C       		.uleb128 0xc
 493 007e 11       		.uleb128 0x11
 494 007f 01       		.uleb128 0x1
 495 0080 12       		.uleb128 0x12
 496 0081 01       		.uleb128 0x1
 497 0082 40       		.uleb128 0x40
 498 0083 06       		.uleb128 0x6
 499 0084 00       		.byte	0x0
 500 0085 00       		.byte	0x0
 501 0086 0B       		.uleb128 0xb
 502 0087 01       		.uleb128 0x1
 503 0088 01       		.byte	0x1
 504 0089 49       		.uleb128 0x49
 505 008a 13       		.uleb128 0x13
 506 008b 01       		.uleb128 0x1
 507 008c 13       		.uleb128 0x13
 508 008d 00       		.byte	0x0
 509 008e 00       		.byte	0x0
 510 008f 0C       		.uleb128 0xc
 511 0090 21       		.uleb128 0x21
 512 0091 00       		.byte	0x0
 513 0092 49       		.uleb128 0x49
 514 0093 13       		.uleb128 0x13
 515 0094 2F       		.uleb128 0x2f
 516 0095 05       		.uleb128 0x5
 517 0096 00       		.byte	0x0
 518 0097 00       		.byte	0x0
ARM GAS  C:\DOCUME~1\ADMINI~1\LOCALS~1\Temp\ccAI767a.s 			page 11


 519 0098 0D       		.uleb128 0xd
 520 0099 34       		.uleb128 0x34
 521 009a 00       		.byte	0x0
 522 009b 03       		.uleb128 0x3
 523 009c 0E       		.uleb128 0xe
 524 009d 3A       		.uleb128 0x3a
 525 009e 0B       		.uleb128 0xb
 526 009f 3B       		.uleb128 0x3b
 527 00a0 0B       		.uleb128 0xb
 528 00a1 49       		.uleb128 0x49
 529 00a2 13       		.uleb128 0x13
 530 00a3 3F       		.uleb128 0x3f
 531 00a4 0C       		.uleb128 0xc
 532 00a5 3C       		.uleb128 0x3c
 533 00a6 0C       		.uleb128 0xc
 534 00a7 00       		.byte	0x0
 535 00a8 00       		.byte	0x0
 536 00a9 0E       		.uleb128 0xe
 537 00aa 34       		.uleb128 0x34
 538 00ab 00       		.byte	0x0
 539 00ac 03       		.uleb128 0x3
 540 00ad 0E       		.uleb128 0xe
 541 00ae 3A       		.uleb128 0x3a
 542 00af 0B       		.uleb128 0xb
 543 00b0 3B       		.uleb128 0x3b
 544 00b1 0B       		.uleb128 0xb
 545 00b2 49       		.uleb128 0x49
 546 00b3 13       		.uleb128 0x13
 547 00b4 3F       		.uleb128 0x3f
 548 00b5 0C       		.uleb128 0xc
 549 00b6 02       		.uleb128 0x2
 550 00b7 0A       		.uleb128 0xa
 551 00b8 00       		.byte	0x0
 552 00b9 00       		.byte	0x0
 553 00ba 00       		.byte	0x0
 554              		.section	.debug_pubnames,"",%progbits
 555 0000 5C000000 		.4byte	0x5c
 556 0004 0200     		.2byte	0x2
 557 0006 00000000 		.4byte	.Ldebug_info0
 558 000a 60010000 		.4byte	0x160
 559 000e B2000000 		.4byte	0xb2
 560 0012 4D44535F 		.ascii	"MDS_RootTask\000"
 560      526F6F74 
 560      5461736B 
 560      00
 561 001f C7000000 		.4byte	0xc7
 562 0023 4D44535F 		.ascii	"MDS_IdleTask\000"
 562      49646C65 
 562      5461736B 
 562      00
 563 0030 3B010000 		.4byte	0x13b
 564 0034 67617563 		.ascii	"gaucRootTaskStack\000"
 564      526F6F74 
 564      5461736B 
 564      53746163 
 564      6B00
 565 0046 4D010000 		.4byte	0x14d
ARM GAS  C:\DOCUME~1\ADMINI~1\LOCALS~1\Temp\ccAI767a.s 			page 12


 566 004a 67617563 		.ascii	"gaucIdleTaskStack\000"
 566      49646C65 
 566      5461736B 
 566      53746163 
 566      6B00
 567 005c 00000000 		.4byte	0x0
 568              		.section	.debug_pubtypes,"",%progbits
 569 0000 43000000 		.4byte	0x43
 570 0004 0200     		.2byte	0x2
 571 0006 00000000 		.4byte	.Ldebug_info0
 572 000a 60010000 		.4byte	0x160
 573 000e 3B000000 		.4byte	0x3b
 574 0012 553800   		.ascii	"U8\000"
 575 0015 53000000 		.4byte	0x53
 576 0019 55333200 		.ascii	"U32\000"
 577 001d 73000000 		.4byte	0x73
 578 0021 5646554E 		.ascii	"VFUNC\000"
 578      4300
 579 0027 7E000000 		.4byte	0x7e
 580 002b 6D5F7461 		.ascii	"m_taskopt\000"
 580      736B6F70 
 580      7400
 581 0035 A7000000 		.4byte	0xa7
 582 0039 4D5F5441 		.ascii	"M_TASKOPT\000"
 582      534B4F50 
 582      5400
 583 0043 00000000 		.4byte	0x0
 584              		.section	.debug_aranges,"",%progbits
 585 0000 1C000000 		.4byte	0x1c
 586 0004 0200     		.2byte	0x2
 587 0006 00000000 		.4byte	.Ldebug_info0
 588 000a 04       		.byte	0x4
 589 000b 00       		.byte	0x0
 590 000c 0000     		.2byte	0x0
 591 000e 0000     		.2byte	0x0
 592 0010 00000000 		.4byte	.Ltext0
 593 0014 C4000000 		.4byte	.Letext0-.Ltext0
 594 0018 00000000 		.4byte	0x0
 595 001c 00000000 		.4byte	0x0
 596              		.section	.debug_str,"MS",%progbits,1
 597              	.LASF9:
 598 0000 4D5F5441 		.ascii	"M_TASKOPT\000"
 598      534B4F50 
 598      5400
 599              	.LASF17:
 600 000a 474E5520 		.ascii	"GNU C 4.5.2\000"
 600      4320342E 
 600      352E3200 
 601              	.LASF16:
 602 0016 67617563 		.ascii	"gaucIdleTaskStack\000"
 602      49646C65 
 602      5461736B 
 602      53746163 
 602      6B00
 603              	.LASF2:
 604 0028 756E7369 		.ascii	"unsigned char\000"
 604      676E6564 
ARM GAS  C:\DOCUME~1\ADMINI~1\LOCALS~1\Temp\ccAI767a.s 			page 13


 604      20636861 
 604      7200
 605              	.LASF8:
 606 0036 75694465 		.ascii	"uiDelayTick\000"
 606      6C617954 
 606      69636B00 
 607              	.LASF19:
 608 0042 463A5C77 		.ascii	"F:\\workdir\\RTOS_Mindows\\project\000"
 608      6F726B64 
 608      69725C52 
 608      544F535F 
 608      4D696E64 
 609              	.LASF7:
 610 0062 75635461 		.ascii	"ucTaskSta\000"
 610      736B5374 
 610      6100
 611              	.LASF0:
 612 006c 6C6F6E67 		.ascii	"long unsigned int\000"
 612      20756E73 
 612      69676E65 
 612      6420696E 
 612      7400
 613              	.LASF11:
 614 007e 4D44535F 		.ascii	"MDS_IdleTask\000"
 614      49646C65 
 614      5461736B 
 614      00
 615              	.LASF6:
 616 008b 5646554E 		.ascii	"VFUNC\000"
 616      4300
 617              	.LASF12:
 618 0091 67617563 		.ascii	"gaucTask1Stack\000"
 618      5461736B 
 618      31537461 
 618      636B00
 619              	.LASF18:
 620 00a0 2E2E2F73 		.ascii	"../srccode/mds_userboot.c\000"
 620      7263636F 
 620      64652F6D 
 620      64735F75 
 620      73657262 
 621              	.LASF10:
 622 00ba 4D44535F 		.ascii	"MDS_RootTask\000"
 622      526F6F74 
 622      5461736B 
 622      00
 623              	.LASF4:
 624 00c7 63686172 		.ascii	"char\000"
 624      00
 625              	.LASF15:
 626 00cc 67617563 		.ascii	"gaucRootTaskStack\000"
 626      526F6F74 
 626      5461736B 
 626      53746163 
 626      6B00
 627              	.LASF20:
 628 00de 6D5F7461 		.ascii	"m_taskopt\000"
ARM GAS  C:\DOCUME~1\ADMINI~1\LOCALS~1\Temp\ccAI767a.s 			page 14


 628      736B6F70 
 628      7400
 629              	.LASF3:
 630 00e8 73686F72 		.ascii	"short unsigned int\000"
 630      7420756E 
 630      7369676E 
 630      65642069 
 630      6E7400
 631              	.LASF13:
 632 00fb 67617563 		.ascii	"gaucTask2Stack\000"
 632      5461736B 
 632      32537461 
 632      636B00
 633              	.LASF5:
 634 010a 73686F72 		.ascii	"short int\000"
 634      7420696E 
 634      7400
 635              	.LASF1:
 636 0114 756E7369 		.ascii	"unsigned int\000"
 636      676E6564 
 636      20696E74 
 636      00
 637              	.LASF14:
 638 0121 67617563 		.ascii	"gaucTask3Stack\000"
 638      5461736B 
 638      33537461 
 638      636B00
 639              		.ident	"GCC: (Sourcery G++ Lite 2011.03-41) 4.5.2"
 640              		.section	.note.GNU-stack,"",%progbits
ARM GAS  C:\DOCUME~1\ADMINI~1\LOCALS~1\Temp\ccAI767a.s 			page 15


DEFINED SYMBOLS
                            *ABS*:00000000 mds_userboot.c
C:\DOCUME~1\ADMINI~1\LOCALS~1\Temp\ccAI767a.s:21     .text:00000000 $a
C:\DOCUME~1\ADMINI~1\LOCALS~1\Temp\ccAI767a.s:24     .text:00000000 MDS_RootTask
C:\DOCUME~1\ADMINI~1\LOCALS~1\Temp\ccAI767a.s:90     .text:00000088 $d
                       .ARM.extab:00000000 $d
                       .ARM.exidx:00000000 $d
C:\DOCUME~1\ADMINI~1\LOCALS~1\Temp\ccAI767a.s:103    .text:000000ac $a
C:\DOCUME~1\ADMINI~1\LOCALS~1\Temp\ccAI767a.s:106    .text:000000ac MDS_IdleTask
                            *COM*:00000258 gaucRootTaskStack
                            *COM*:00000258 gaucIdleTaskStack
C:\DOCUME~1\ADMINI~1\LOCALS~1\Temp\ccAI767a.s:140    .rodata.str1.4:00000000 $d
                     .debug_frame:00000010 $d

UNDEFINED SYMBOLS
DEV_SoftwareInit
DEV_HardwareInit
MDS_TaskCreate
TEST_TestTask1
gaucTask1Stack
TEST_TestTask2
gaucTask2Stack
TEST_TestTask3
gaucTask3Stack
__aeabi_unwind_cpp_pr1
DEV_PrintMsg
